[debug] [2024-09-25T09:01:07.592Z] ----------------------------------------------------------------------
[debug] [2024-09-25T09:01:07.596Z] Command:       C:\Program Files\nodejs\node.exe C:\Users\Teluguone\AppData\Roaming\npm\node_modules\firebase-tools\lib\bin\firebase.js init
[debug] [2024-09-25T09:01:07.596Z] CLI Version:   13.19.0
[debug] [2024-09-25T09:01:07.597Z] Platform:      win32
[debug] [2024-09-25T09:01:07.597Z] Node Version:  v21.5.0
[debug] [2024-09-25T09:01:07.597Z] Time:          Wed Sep 25 2024 14:31:07 GMT+0530 (India Standard Time)
[debug] [2024-09-25T09:01:07.597Z] ----------------------------------------------------------------------
[debug] 
[debug] [2024-09-25T09:01:07.608Z] > command requires scopes: ["email","openid","https://www.googleapis.com/auth/cloudplatformprojects.readonly","https://www.googleapis.com/auth/firebase","https://www.googleapis.com/auth/cloud-platform"]
[debug] [2024-09-25T09:01:07.608Z] > authorizing via signed-in user (helotune258@gmail.com)
[info] 
     ######## #### ########  ######## ########     ###     ######  ########
     ##        ##  ##     ## ##       ##     ##  ##   ##  ##       ##
     ######    ##  ########  ######   ########  #########  ######  ######
     ##        ##  ##    ##  ##       ##     ## ##     ##       ## ##
     ##       #### ##     ## ######## ########  ##     ##  ######  ########

You're about to initialize a Firebase project in this directory:

  C:\Users\Teluguone\Desktop\flutter\to do list\to_do_application

[info] 
=== Project Setup
[info] 
[info] First, let's associate this project directory with a Firebase project.
[info] You can create multiple project aliases by running firebase use --add, 
[info] but for now we'll just set up a default project.
[info] 
[debug] [2024-09-25T09:01:17.333Z] >>> [apiv2][query] GET https://firebase.googleapis.com/v1beta1/projects pageSize=100
[debug] [2024-09-25T09:01:18.313Z] <<< [apiv2][status] GET https://firebase.googleapis.com/v1beta1/projects 200
[debug] [2024-09-25T09:01:18.314Z] <<< [apiv2][body] GET https://firebase.googleapis.com/v1beta1/projects [omitted]
[info] i  Using project to-do-list-e5c93 (To DO List) 
[info] 
=== Hosting Setup
[debug] [2024-09-25T09:01:21.131Z] >>> [apiv2][query] GET https://firebase.googleapis.com/v1beta1/projects/to-do-list-e5c93 [none]
[debug] [2024-09-25T09:01:21.683Z] <<< [apiv2][status] GET https://firebase.googleapis.com/v1beta1/projects/to-do-list-e5c93 200
[debug] [2024-09-25T09:01:21.684Z] <<< [apiv2][body] GET https://firebase.googleapis.com/v1beta1/projects/to-do-list-e5c93 {"projectId":"to-do-list-e5c93","projectNumber":"275234085886","displayName":"To DO List","name":"projects/to-do-list-e5c93","resources":{"hostingSite":"to-do-list-e5c93"},"state":"ACTIVE","etag":"1_19676ca7-dac5-4f80-8bc2-11162ef91463"}
[info] 
[info] Your public directory is the folder (relative to your project directory) that
[info] will contain Hosting assets to be uploaded with firebase deploy. If you
[info] have a build process for your assets, use your build's output directory.
[info] 
[debug] [2024-09-25T09:01:35.737Z] >>> [apiv2][query] GET https://www.gstatic.com/firebasejs/releases.json [none]
[debug] [2024-09-25T09:01:35.846Z] <<< [apiv2][status] GET https://www.gstatic.com/firebasejs/releases.json 200
[debug] [2024-09-25T09:01:35.846Z] <<< [apiv2][body] GET https://www.gstatic.com/firebasejs/releases.json {"current":{"version":"10.13.2","browserURL":"https://www.gstatic.com/firebasejs/10.13.2/firebase.js","packageURL":"https://www.gstatic.com/firebasejs/10.13.2/firebase.tgz"},"live":{"version":"10.13","browserURL":"https://www.gstatic.com/firebasejs/live/10.13/firebase.js","packageURL":"https://www.gstatic.com/firebasejs/live/10.13/firebase.tgz"},"components":{"analytics":"https://www.gstatic.com/firebasejs/10.13.2/firebase-analytics.js","app":"https://www.gstatic.com/firebasejs/10.13.2/firebase-app.js","app-check":"https://www.gstatic.com/firebasejs/10.13.2/firebase-app-check.js","auth":"https://www.gstatic.com/firebasejs/10.13.2/firebase-auth.js","auth/cordova":"https://www.gstatic.com/firebasejs/10.13.2/firebase-auth/cordova.js","auth/web-extension":"https://www.gstatic.com/firebasejs/10.13.2/firebase-auth/web-extension.js","functions":"https://www.gstatic.com/firebasejs/10.13.2/firebase-functions.js","firestore":"https://www.gstatic.com/firebasejs/10.13.2/firebase-firestore.js","firestore/lite":"https://www.gstatic.com/firebasejs/10.13.2/firebase-firestore/lite.js","installations":"https://www.gstatic.com/firebasejs/10.13.2/firebase-installations.js","storage":"https://www.gstatic.com/firebasejs/10.13.2/firebase-storage.js","performance":"https://www.gstatic.com/firebasejs/10.13.2/firebase-performance.js","remote-config":"https://www.gstatic.com/firebasejs/10.13.2/firebase-remote-config.js","messaging":"https://www.gstatic.com/firebasejs/10.13.2/firebase-messaging.js","messaging/sw":"https://www.gstatic.com/firebasejs/10.13.2/firebase-messaging/sw.js","database":"https://www.gstatic.com/firebasejs/10.13.2/firebase-database.js","vertexai-preview":"https://www.gstatic.com/firebasejs/10.13.2/firebase-vertexai-preview.js","firestore.memory":"https://www.gstatic.com/firebasejs/10.13.2/firebase-firestore.memory.js"}}
[info] +  Wrote public/index.html 
[info] 
[info] i  Detected a .git folder at C:\Users\Teluguone 
[info] i  Authorizing with GitHub to upload your service account to a GitHub repository's secrets store. 
[info] 
[info] Visit this URL on this device to log in:
[info] https://github.com/login/oauth/authorize?client_id=89cf50f02ac6aaed3484&state=459873640&redirect_uri=http%3A%2F%2Flocalhost%3A9005&scope=read%3Auser%20repo%20public_repo
[info] 
[info] Waiting for authentication...
[debug] [2024-09-25T09:02:23.726Z] >>> [apiv2][query] POST https://github.com/login/oauth/access_token [none]
[debug] [2024-09-25T09:02:23.727Z] >>> [apiv2][body] POST https://github.com/login/oauth/access_token [stream]
[debug] [2024-09-25T09:02:24.212Z] <<< [apiv2][status] POST https://github.com/login/oauth/access_token 200
[debug] [2024-09-25T09:02:24.213Z] <<< [apiv2][body] POST https://github.com/login/oauth/access_token {"access_token":"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","token_type":"bearer","scope":"read:user,repo"}
[debug] [2024-09-25T09:02:24.218Z] >>> [apiv2][query] GET https://api.github.com/user [none]
[debug] [2024-09-25T09:02:24.686Z] <<< [apiv2][status] GET https://api.github.com/user 200
[debug] [2024-09-25T09:02:24.686Z] <<< [apiv2][body] GET https://api.github.com/user {"login":"karishma1900","id":156506602,"node_id":"U_kgDOCVQZ6g","avatar_url":"https://avatars.githubusercontent.com/u/156506602?v=4","gravatar_id":"","url":"https://api.github.com/users/karishma1900","html_url":"https://github.com/karishma1900","followers_url":"https://api.github.com/users/karishma1900/followers","following_url":"https://api.github.com/users/karishma1900/following{/other_user}","gists_url":"https://api.github.com/users/karishma1900/gists{/gist_id}","starred_url":"https://api.github.com/users/karishma1900/starred{/owner}{/repo}","subscriptions_url":"https://api.github.com/users/karishma1900/subscriptions","organizations_url":"https://api.github.com/users/karishma1900/orgs","repos_url":"https://api.github.com/users/karishma1900/repos","events_url":"https://api.github.com/users/karishma1900/events{/privacy}","received_events_url":"https://api.github.com/users/karishma1900/received_events","type":"User","site_admin":false,"name":"Karishma's Classes","company":null,"blog":"","location":null,"email":null,"hireable":null,"bio":null,"twitter_username":null,"notification_email":null,"public_repos":39,"public_gists":0,"followers":1,"following":1,"created_at":"2024-01-13T08:41:10Z","updated_at":"2024-08-28T09:11:20Z","private_gists":0,"total_private_repos":1,"owned_private_repos":1,"disk_usage":37705,"collaborators":0,"two_factor_authentication":false,"plan":{"name":"free","space":976562499,"collaborators":0,"private_repos":10000}}
[info] 
[info] +  Success! Logged into GitHub as karishma1900 
[info] 
[debug] [2024-09-25T09:02:40.154Z] >>> [apiv2][query] GET https://api.github.com/repos/repository/actions/secrets/public-key type=owner
[debug] [2024-09-25T09:02:40.581Z] <<< [apiv2][status] GET https://api.github.com/repos/repository/actions/secrets/public-key 404
[debug] [2024-09-25T09:02:40.581Z] <<< [apiv2][body] GET https://api.github.com/repos/repository/actions/secrets/public-key {"message":"Not Found","documentation_url":"https://docs.github.com/rest","status":"404"}
[info] 
[info] 
[error] !  The provided authorization cannot be used with this repository. If this repository is in an organization, did you remember to grant access? 
[info] 
[info] i  Action required: Visit this URL to ensure access has been granted to the appropriate organization(s) for the Firebase CLI GitHub OAuth App: 
[info] https://github.com/settings/connections/applications/89cf50f02ac6aaed3484
[info] 
[debug] [2024-09-25T09:02:50.080Z] >>> [apiv2][query] GET https://api.github.com/repos/user/actions/secrets/public-key type=owner
[debug] [2024-09-25T09:02:50.499Z] <<< [apiv2][status] GET https://api.github.com/repos/user/actions/secrets/public-key 404
[debug] [2024-09-25T09:02:50.500Z] <<< [apiv2][body] GET https://api.github.com/repos/user/actions/secrets/public-key {"message":"Not Found","documentation_url":"https://docs.github.com/rest","status":"404"}
[info] 
[info] 
[error] !  The provided authorization cannot be used with this repository. If this repository is in an organization, did you remember to grant access? 
[info] 
[info] i  Action required: Visit this URL to ensure access has been granted to the appropriate organization(s) for the Firebase CLI GitHub OAuth App: 
[info] https://github.com/settings/connections/applications/89cf50f02ac6aaed3484
[info] 
